4.703838545046030162e-01
6.171419877448830471e-01
-5.468205470849191174e-01
9.854942273036038092e-01
6.020398045611204951e-01
-1.740766489584267551e-01
2.387745417927013225e+00
6.964069655274697235e-01
2.768771574634302013e+00
4.261726738370685830e-01
1.185792812194657264e+00
-3.444871314135184992e-01
4.769419999018973400e-01
5.723411270119928285e-02
-2.038252834434222671e-01
-3.725907374633299213e-02
4.760798449217110706e-01
2.497773624934558789e+00
5.452588139150279511e-01
-8.824854889825833881e-02
-2.563126388086470753e-01
-8.419718648445227716e-02
-4.505695582146852507e-01
-5.096063718834485945e-01
-1.605500707581320186e-01
-2.822608189419938407e-01
8.559373893787470822e-01
-1.624234993409477690e-01
-1.394875684945527383e-01
-1.271050310234566050e-01
-2.048544986208475707e-02
-7.758167235524597583e-02
1.521582576290714250e-01
4.230351834362425234e-01
1.779323068403077801e-01
3.759493451415937826e-01
-1.921262956582202142e+00
1.723600157404788558e+00
1.204744657740166036e-01
4.792545430332445511e-02
-8.148460757104131202e-02
7.639462271557939665e-02
-5.026451958412263277e-02
-5.136223915966671161e-01
-7.633666632584734657e-01
-4.149506216300365841e-02
2.540930804608780222e-02
-5.760201009841736663e-02
1.718314170249636216e-02
-9.921525339549255307e-01
5.942170498417147506e-01
-6.755677129008594850e-01
5.488328773628312757e-02
-4.079111069970227377e-02
-8.126324768035633195e-01
3.347804778771676371e-02
-2.357502016331658456e-01
-2.007869393854417456e-02
3.727543496216908725e+00
2.776460163974331929e-01
-7.238230666478312481e-01
4.465828189047885144e-02
3.636326094581160406e-01
-2.536839705037163384e+00
-1.246647607918001215e-02
-9.801343704840966009e-02
4.862864126467795166e-03
1.793545658920228325e+00
3.532934849636314212e+00
-2.676580749596173953e-02
-1.486101612269565830e-01
-8.940896293730515865e-02
-2.794256112137531722e-02
5.544118405287986384e+00
-1.973311127181326396e-02
-3.231047677801474755e-02
6.401050940035125925e-02
-1.212566264985247971e-02
7.538183019081779790e+00
-3.576076925202269913e-02
-2.637714570324348543e-02
5.328823727119266218e-01
-1.701448221706050035e-01
1.677916948633457972e+00
6.825200571516679138e-02
-1.309009640730332824e-01
-1.148331867625753677e-01
1.208352727947249045e-02
-9.694135365396577830e-01
-1.422079007289565183e-02
2.053947028828851717e+00
-1.870663755359366354e-01
-1.066173018889018387e-01
-3.940470018647703188e-01
7.103246712018581599e-01
1.778673087007387243e+00
3.714188516245239477e-03
1.355599649813324092e-01
-6.753548708606357254e-01
-1.259411691976914868e-02
8.698678973018411642e-02
5.274381109514070243e-02
-5.829551033159068030e-02
-1.708385338802357045e-01
4.054084026576535577e-02
5.694721055225560047e-02
-1.046974369942499233e-01
-2.172936081455597579e-01
1.686414259841242935e-02
6.182598866191355708e-02
3.519004754348369068e-02
-1.560699324796574194e-01
1.006694638662276094e-03
-3.001682008847377792e-01
7.681864274495295297e-02
8.631730289243316756e-01
-8.595415351115921476e-01
6.851855288417901813e-01
2.742083485037173640e-02
-9.554614646511311316e-02
-8.591310243470121066e-02
-1.297364341420671925e-02
-1.266430055568855961e-01
3.007737681674047536e+00
1.030870467129737927e-01
3.491865146694607125e-01
2.155572325822320057e+00
3.171766801467544195e+00
-4.427298607403744590e-01
-2.402845487391749857e-01
6.366415669357955616e-03
3.826003163431317966e-01
-2.129676660789244502e-01
-4.835737647149036117e-02
-7.349671459923197425e-02
6.589679148328493608e-02
3.525551023832122072e-02
1.513781549928930048e-01
-5.870351871040745129e-02
1.689651503946928202e+00
-1.799396380708847762e-02
-1.152647632723294430e-01
2.953982129315345373e-02
-1.237668193293784302e+00
-4.329076746738086956e-01
3.289018789063843928e-01
-1.791370269071181243e+00
5.614655224309614973e-02
6.302078945533486909e-01
-2.028138560789199296e+00
-5.721816955242359226e-02
-1.677985123843354215e-02
1.105194501133904134e-01
2.512964895265012641e-02
1.139029349810199813e-02
-7.360492648097190227e-02
7.229958194217778189e-02
-3.398291647034743391e-03
-4.631527073678962797e-02
-5.215875254581769926e-02
1.762363132130044585e+00
2.194400300471980735e-04
-2.328824253028039859e+00
2.176508153201178519e+00
-3.847500706259272540e-01
4.409455706404435960e-02
-1.076336499922514872e-01
-5.712535289187359311e-02
2.275724161835501400e-02
-4.239588635018881391e+00
1.470098336299604957e+00
1.105050979566685743e-01
3.585271114663499126e-02
8.599955241589593014e-01
-4.972308911993663511e-02
2.612419738351749565e+00
-4.367288578105905927e-02
1.606437548845273677e-01
1.036319901706012070e-01
-4.469272311922917185e-02
4.766229477307352275e-02
-2.311668289999527781e-01
2.825054217190032801e+00
-1.653496680829551702e+00
1.167938861139174556e+00
-7.879630038150099713e-02
1.723166957482521328e-02
4.836269637305413288e-02
4.602591745723694922e-02
4.998460013809346236e+00
-1.640142545413033337e-01
-3.817420430252884134e-01
3.583246329119867124e-02
3.044360582525950515e-02
-5.931767360263589389e-02
-6.423224810041173842e-03
1.179195499255642973e-02
-4.925121704015381074e-02
-2.964502294785314671e-02
-5.530565388532633457e-03
1.760688126046755508e-02
-1.056051971245633159e-01
5.821731371798010563e-02
9.182823719584634614e-02
3.756132205598611273e-02
3.528173731441997668e-02
-1.859368901248757422e-01
6.134957428581339078e-02
-1.295297016161669201e-01
-9.232649193333787585e-02
-1.151328937812893388e-01
-1.266442965515029162e-01
-9.178959010363542392e-02
7.797769091271744037e-03
4.240241657329086866e-01
2.952973953557129771e-01
4.166638104357444639e-01
-5.936243726878697169e-01
-1.852139993031647336e-01
2.651012450561136130e-02
-4.098588499524640633e-02
9.746747860736509894e-02
4.567349531796218165e-01
-2.403880412669325006e-02
2.936873637470411441e-02
2.518465792313368326e-02
1.590673044088345423e-01
5.960755999361435492e-03
1.000265404250174905e-01
8.577920566156786719e-02
-1.918594262141425089e-01
-4.089944637494117852e-01
2.722703213571554759e+00
-6.584873405686539893e-01
2.219698243341750477e+00
3.221261740864426848e+00
9.998699110731683326e-02
2.231769277198601339e-02
1.467641821553486610e-02
-3.045568017365687941e-02
5.471314862314123010e-04
1.883845156062597531e-02
-7.890895570023123695e-02
-4.941703466689925661e-01
6.242608112078893573e-02
-6.228634679279661940e-02
-8.495784998508443264e-02
-6.902049060956402804e-02
-1.727737854685849894e-01
4.442189416869138374e-02
-4.114780994398273273e-01
7.947307896798985749e-02
-2.199270431157139202e-02
-3.020201862600600459e-03
-7.861126178959801369e-02
4.992614559421664627e-02
-7.221777741090754099e-02
-5.534188014356785507e-03
7.396206055935961032e-02
-7.074735656593647559e-02
9.215462502516553328e-03
-6.380365840635118801e-02
-3.031534574620545902e-02
1.187121801444206287e-01
-5.814746102720811521e-02
9.940410564637756907e-02
-6.448340776749130615e-03
-8.669858728752065369e-02
7.902393808043983725e-02
-5.468809540640862804e-02
4.976611104095859245e-02
3.985169416767229272e-02
-2.123017264655711889e-02
8.929257943427278479e-03
1.686207626037196372e-01
-8.154540330323876984e-02
-1.211028277806350806e-01
-7.471397939197238491e-02
2.514491071135397174e-02
-6.358869433361859225e-02
3.119564763903024535e-02
3.048274027834287428e-02
5.828596709656407027e-02
-4.588218925048941771e-02
-3.954459549344131047e-02
-7.220098784727396746e-02
1.680373112775206818e-02
-5.824587405882466346e-02
1.067478210795733684e-01
1.186116227036878717e-01
-4.675319242243582418e-01
-1.059050164179188222e-02
-3.963692059876430807e-02
5.259964265484451396e-02
2.790899391299521068e-02
-5.455418493081137798e-02
6.543965193580984774e-02
-3.682825139012002591e-02
-1.699586087896576975e-02
-5.434462631180613651e-02
5.957942905082455609e-02
6.057938610723252910e-03
-6.824577228028157194e-02
3.693651622258403711e-02
-1.922521970933443666e-02
1.046618106874064313e-01
-1.114019358940196158e-01
1.281920007866686473e-01
-6.631703396117862546e-03
2.455870231505529952e-02
1.347834227527266657e-02
-1.513369349278824091e-02
5.855895458312574374e-03
1.974046462086325449e-01
-1.995326115947658116e-02
-5.130439076509394347e-01
-3.833330676165187106e-02
-6.649367134246055855e-01
2.687880310084563365e-02
3.658620387722338191e-02
-6.864480645946782755e-02
6.902760428252630032e-02
-3.508772592501186588e-02
7.810274300462385910e-02
-4.266091588538026280e-02
-9.607524248739073708e-03
-1.191066848829157830e-02
-4.786371133477674428e-02
4.497503480644518027e-03
-6.209761473397817921e-02
-7.461481529901237142e-01
-5.954969493039003609e-02
-7.471994348867309899e-02
-1.263753021447591607e+00
-2.137559439449952803e-01
7.401417661693913963e-02
-3.751740328869696689e-02
1.057527588460922948e-03
-4.586215729314382233e-02
-6.686846745529933557e-03
-7.889874684503021818e-02
-1.685682374929940441e-01
1.021782989800863600e-01
-7.018005540271458897e-02
-9.275067193358282891e-02
3.695690350555277948e-01
4.715956132798634903e-02
-3.649373934816579901e-02
-1.188578368352100623e-01
-1.775066852857634311e-02
-1.467170630530545694e-01
-1.475232358145520950e-01
-5.880421807718538840e-01
7.714262381926369205e-02
2.695267361035202577e-02
3.826436620803549266e-02
1.784079333031419967e+00
7.545198616476066211e-02
7.497060366610402982e-02
7.011785833091765952e-01
-4.782186082876388467e-02
4.666670736819505255e-02
-3.764548645105626062e-02
5.467019294945025393e-02
-1.804397995037299723e-02
9.194793676752467670e-02
5.627827590887208437e-02
-7.105401134317677891e-02
-8.507984627227413443e-02
-9.061138986617964242e-02
-1.555070692423267120e-01
-9.453357827266090085e-02
8.917970957281919075e-02
6.739326924853168699e-02
-2.793335177301452601e-02
2.965201213314506978e-02
-3.848024834425643748e-02
3.780825472678809446e-02
5.063702324159205514e-02
-9.544658064360800678e-03
-1.747803808438058368e-02
-1.550268937712649397e-01
-5.464500089561988294e-02
-7.098905532312417208e-03
-1.437004340336964052e-02
-5.800506998923945709e-03
1.033571004228756203e-02
-2.528275460158295462e-02
-2.028527365849173980e-02
-1.765840758320220277e-02
-3.077754470655006888e-02
-1.865264796347323312e-02
-1.282444694469299928e-01
-3.086129133019811510e-01
-1.709948956388070845e-02
-4.614743634863443383e-02
4.571761756492422231e-03
3.542604995973670096e-02
9.118951697397516265e-02
-1.831254427630605863e-01
-6.225074878390270822e-02
-1.094448288923313972e-01
